

Started GET "/" for ::1 at 2016-04-17 11:04:00 -0400
Processing by Rails::WelcomeController#index as HTML
  Rendered C:/RailsInstaller/Ruby2.2.0/lib/ruby/gems/2.2.0/gems/railties-4.2.6/lib/rails/templates/rails/welcome/index.html.erb (6.5ms)
Completed 200 OK in 96ms (Views: 73.9ms | ActiveRecord: 0.0ms)


Started GET "/" for ::1 at 2016-04-17 11:05:20 -0400
Processing by Rails::WelcomeController#index as HTML
  Rendered C:/RailsInstaller/Ruby2.2.0/lib/ruby/gems/2.2.0/gems/railties-4.2.6/lib/rails/templates/rails/welcome/index.html.erb (0.0ms)
Completed 200 OK in 45ms (Views: 44.2ms | ActiveRecord: 0.0ms)


Started GET "/" for ::1 at 2016-04-17 11:05:21 -0400
Processing by Rails::WelcomeController#index as HTML
  Rendered C:/RailsInstaller/Ruby2.2.0/lib/ruby/gems/2.2.0/gems/railties-4.2.6/lib/rails/templates/rails/welcome/index.html.erb (0.0ms)
Completed 200 OK in 36ms (Views: 35.8ms | ActiveRecord: 0.0ms)


Started GET "/rails/info/properties" for ::1 at 2016-04-17 11:08:16 -0400
Processing by Rails::InfoController#properties as */*
  Rendered C:/RailsInstaller/Ruby2.2.0/lib/ruby/gems/2.2.0/gems/railties-4.2.6/lib/rails/templates/rails/info/properties.html.erb (0.0ms)
Completed 200 OK in 752ms (Views: 709.5ms | ActiveRecord: 3.0ms)


Started GET "/" for ::1 at 2016-04-17 11:41:48 -0400
Processing by Rails::WelcomeController#index as HTML
  Rendered C:/RailsInstaller/Ruby2.2.0/lib/ruby/gems/2.2.0/gems/railties-4.2.6/lib/rails/templates/rails/welcome/index.html.erb (0.0ms)
Completed 200 OK in 52ms (Views: 49.8ms | ActiveRecord: 0.0ms)


Started GET "/rails/info/properties" for ::1 at 2016-04-17 11:41:53 -0400
Processing by Rails::InfoController#properties as */*
  Rendered C:/RailsInstaller/Ruby2.2.0/lib/ruby/gems/2.2.0/gems/railties-4.2.6/lib/rails/templates/rails/info/properties.html.erb (0.0ms)
Completed 200 OK in 579ms (Views: 576.9ms | ActiveRecord: 0.0ms)
